<?xml version="1.0" encoding="UTF-8"?>
<!-- Generated by org.testng.reporters.JUnitXMLReporter -->
<testsuite ignored="0" hostname="LAPTOP-MDM1H7HV" failures="1" tests="11" name="Command line test" time="45.798" errors="0" timestamp="2020-07-27T19:53:53 ART">
  <testcase classname="myTests.TestAsserts" name="isEqual" time="0.009"/>
  <testcase classname="myTests.TestAsserts" name="isEqualN" time="0.0"/>
  <testcase classname="myTests.TestAsserts" name="isFalse" time="0.0"/>
  <testcase classname="myTests.TestAsserts" name="isNotEqual" time="0.001"/>
  <testcase classname="myTests.TestAsserts" name="isNotNull" time="0.0"/>
  <testcase classname="myTests.TestAsserts" name="isNull" time="0.0"/>
  <testcase classname="myTests.TestAsserts" name="isTrue" time="0.0"/>
  <testcase classname="myTests.TestAsserts" name="softAsserts" time="0.004">
    <failure type="java.lang.AssertionError" message="The following asserts failed:
	Need to see this expected [2] but found [1]">
      <![CDATA[java.lang.AssertionError: The following asserts failed:
Need to see this expected [2] but found [1]
at myTests.TestAsserts.softAsserts(TestAsserts.java:54)
at java.base/java.util.ArrayList.forEach(ArrayList.java:1507)
... Removed 39 stack frames]]>
    </failure>
  </testcase> <!-- softAsserts -->
  <testcase classname="myTests.TestSearch" name="searchDresses" time="5.535"/>
  <testcase classname="myTests.TestSearch" name="searchNoResult" time="2.569"/>
  <testcase classname="myTests.TestSearch" name="searchTSHIRTS" time="2.566"/>
</testsuite> <!-- Command line test -->
