<?xml version="1.0" encoding="UTF-8" ?>
<testsuite tests="12" failures="2" name="TestSuite" time="22.467" errors="0" skipped="0">
  <properties>
[...]
</properties>
  <testcase classname="myTests.TestAsserts" name="isEqual" time="0.008"/>
  <testcase classname="myTests.TestAsserts" name="isEqualN" time="0"/>
  <testcase classname="myTests.TestAsserts" name="isFalse" time="0"/>
  <testcase classname="myTests.TestAsserts" name="isNotEqual" time="0.001"/>
  <testcase classname="myTests.TestAsserts" name="isNotNull" time="0"/>
  <testcase classname="myTests.TestAsserts" name="isNull" time="0.001"/>
  <testcase classname="myTests.TestAsserts" name="isTrue" time="0"/>
  <testcase classname="myTests.TestAsserts" name="softAsserts" time="0.005">
    <failure message="The following asserts failed:
	Need to see this expected [2] but found [1]" type="java.lang.AssertionError">java.lang.AssertionError: The following asserts failed:
	Need to see this expected [2] but found [1]
	at org.testng.asserts.SoftAssert.assertAll(SoftAssert.java:47)
	at org.testng.asserts.SoftAssert.assertAll(SoftAssert.java:31)
	at myTests.TestAsserts.softAsserts(TestAsserts.java:54)
</failure>
    <system-out>The test continues...
</system-out>
  </testcase>
  <testcase classname="myTests.TestSearch" name="clickCheckBoxes" time="5.511"/>
  <testcase classname="myTests.TestSearch" name="searchDresses" time="1.327"/>
  <testcase classname="myTests.TestSearch" name="searchTSHIRTS" time="1.377">
    <failure message="expected [&quot;El Payaso Plim Plim&quot;] but found [&quot;T-SHIRTS&quot;]" type="java.lang.AssertionError">java.lang.AssertionError: expected [&quot;El Payaso Plim Plim&quot;] but found [&quot;T-SHIRTS&quot;]
	at org.testng.Assert.fail(Assert.java:97)
	at org.testng.Assert.assertEqualsImpl(Assert.java:136)
	at org.testng.Assert.assertEquals(Assert.java:118)
	at org.testng.Assert.assertEquals(Assert.java:575)
	at org.testng.Assert.assertEquals(Assert.java:585)
	at myTests.TestSearch.searchTSHIRTS(TestSearch.java:21)
</failure>
    <system-out>1
El Test Search by Dresses resulta: 
PASO EL TEST
</system-out>
    <system-err>Starting ChromeDriver 84.0.4147.30 (48b3e868b4cc0aa7e8149519690b6f6949e110a8-refs/branch-heads/4147@{#310}) on port 43490
Only local connections are allowed.
Please see https://chromedriver.chromium.org/security-considerations for suggestions on keeping ChromeDriver safe.
ChromeDriver was started successfully.
ago. 03, 2020 8:50:35 P. M. org.openqa.selenium.remote.ProtocolHandshake createSession
INFO: Detected dialect: W3C
</system-err>
  </testcase>
  <testcase classname="myTests.TestSelectOrder" name="selectByVisibleText" time="14.237"/>
</testsuite>