<?xml version="1.0" encoding="UTF-8"?>
<testng-results ignored="0" total="3" passed="3" failed="0" skipped="0">
  <reporter-output>
  </reporter-output>
  <suite started-at="2020-07-22T19:47:41 ART" name="myTests.TestSearch" finished-at="2020-07-22T19:48:24 ART" duration-ms="43654">
    <groups>
    </groups>
    <test started-at="2020-07-22T19:47:41 ART" name="Command line test" finished-at="2020-07-22T19:48:24 ART" duration-ms="43654">
      <class name="myTests.TestSearch">
        <test-method is-config="true" signature="setUp()[pri:0, instance:myTests.TestSearch@1fc2b765]" started-at="2020-07-22T19:47:41 ART" name="setUp" finished-at="2020-07-22T19:47:52 ART" duration-ms="11071" status="PASS">
          <reporter-output>
          </reporter-output>
        </test-method> <!-- setUp -->
        <test-method signature="searchDresses()[pri:0, instance:myTests.TestSearch@1fc2b765]" started-at="2020-07-22T19:47:52 ART" name="searchDresses" finished-at="2020-07-22T19:47:55 ART" duration-ms="3834" status="PASS">
          <reporter-output>
          </reporter-output>
        </test-method> <!-- searchDresses -->
        <test-method is-config="true" signature="tearDown()[pri:0, instance:myTests.TestSearch@1fc2b765]" started-at="2020-07-22T19:47:55 ART" name="tearDown" finished-at="2020-07-22T19:47:56 ART" duration-ms="700" status="PASS">
          <reporter-output>
          </reporter-output>
        </test-method> <!-- tearDown -->
        <test-method is-config="true" signature="setUp()[pri:0, instance:myTests.TestSearch@1fc2b765]" started-at="2020-07-22T19:47:56 ART" name="setUp" finished-at="2020-07-22T19:48:06 ART" duration-ms="9648" status="PASS">
          <reporter-output>
          </reporter-output>
        </test-method> <!-- setUp -->
        <test-method signature="searchNoResult()[pri:0, instance:myTests.TestSearch@1fc2b765]" started-at="2020-07-22T19:48:06 ART" name="searchNoResult" finished-at="2020-07-22T19:48:10 ART" duration-ms="3737" status="PASS">
          <reporter-output>
          </reporter-output>
        </test-method> <!-- searchNoResult -->
        <test-method is-config="true" signature="tearDown()[pri:0, instance:myTests.TestSearch@1fc2b765]" started-at="2020-07-22T19:48:10 ART" name="tearDown" finished-at="2020-07-22T19:48:10 ART" duration-ms="663" status="PASS">
          <reporter-output>
          </reporter-output>
        </test-method> <!-- tearDown -->
        <test-method is-config="true" signature="setUp()[pri:0, instance:myTests.TestSearch@1fc2b765]" started-at="2020-07-22T19:48:10 ART" name="setUp" finished-at="2020-07-22T19:48:20 ART" duration-ms="9518" status="PASS">
          <reporter-output>
          </reporter-output>
        </test-method> <!-- setUp -->
        <test-method signature="searchTSHIRTS()[pri:0, instance:myTests.TestSearch@1fc2b765]" started-at="2020-07-22T19:48:20 ART" name="searchTSHIRTS" finished-at="2020-07-22T19:48:23 ART" duration-ms="3760" status="PASS">
          <reporter-output>
          </reporter-output>
        </test-method> <!-- searchTSHIRTS -->
        <test-method is-config="true" signature="tearDown()[pri:0, instance:myTests.TestSearch@1fc2b765]" started-at="2020-07-22T19:48:23 ART" name="tearDown" finished-at="2020-07-22T19:48:24 ART" duration-ms="677" status="PASS">
          <reporter-output>
          </reporter-output>
        </test-method> <!-- tearDown -->
      </class> <!-- myTests.TestSearch -->
    </test> <!-- Command line test -->
  </suite> <!-- myTests.TestSearch -->
</testng-results>
