<?xml version="1.0" encoding="UTF-8"?>
<!-- Generated by org.testng.reporters.JUnitXMLReporter -->
<testsuite ignored="0" hostname="LAPTOP-MDM1H7HV" failures="0" tests="3" name="Command line test" time="43.654" errors="0" timestamp="2020-07-22T19:48:24 ART">
  <testcase classname="myTests.TestSearch" name="searchDresses" time="3.834"/>
  <testcase classname="myTests.TestSearch" name="searchNoResult" time="3.737"/>
  <testcase classname="myTests.TestSearch" name="searchTSHIRTS" time="3.76"/>
</testsuite> <!-- Command line test -->
